<?xml version="1.0" encoding="UTF-8"?>
<!-- Generated by org.testng.reporters.JUnitReportReporter -->
<testsuite hostname="Devaraj-PC" failures="0" tests="1" name="Test.TC001Login" time="20.515" errors="0" timestamp="2024-08-25T17:03:40 IST" skipped="0">
  <testcase classname="Test.TC001Login" name="Logintest" time="20.515"/>
  <system-out/>
</testsuite> <!-- Test.TC001Login -->
