<?xml version="1.0" encoding="UTF-8"?>
<!-- Generated by org.testng.reporters.JUnitReportReporter -->
<testsuite hostname="Devaraj-PC" failures="0" tests="2" name="Runner.TestRunner" time="0.025" errors="0" timestamp="2024-08-25T12:10:06 IST" skipped="0">
  <testcase classname="Runner.TestRunner" name="testLogin" time="0.023"/>
  <system-out/>
  <testcase classname="Runner.TestRunner" name="testLogout" time="0.002"/>
  <system-out/>
</testsuite> <!-- Runner.TestRunner -->
