<?xml version="1.0" encoding="UTF-8"?>
<!-- Generated by org.testng.reporters.JUnitReportReporter -->
<testsuite hostname="Devaraj-PC" failures="0" tests="1" name="Test.TC001Login2" time="28.562" errors="0" timestamp="2024-08-25T13:44:39 IST" skipped="0">
  <testcase classname="Test.TC001Login2" name="Logintest" time="28.562"/>
  <system-out/>
</testsuite> <!-- Test.TC001Login2 -->
